[13:43:31] [Server thread/INFO]: Starting minecraft server version 1.8.8
[13:43:31] [Server thread/WARN]: To start the server with more ram, launch it as "java -Xmx1024M -Xms1024M -jar minecraft_server.jar"
[13:43:31] [Server thread/INFO]: Loading properties
[13:43:31] [Server thread/INFO]: Default game type: SURVIVAL
[13:43:31] [Server thread/INFO]: This server is running PandaSpigot version git-PandaSpigot-85 (MC: 1.8.8) (Implementing API version 1.8.8-R0.1-SNAPSHOT) (Git: 158d845)
[13:43:31] [Server thread/INFO]: Server Ping Player Sample Count: 12
[13:43:31] [Server thread/INFO]: Spigot Timings: true - Verbose: true - Interval: 5m - Length: 60m
[13:43:31] [Server thread/INFO]: Using 4 threads for Netty based IO
[13:43:31] [Server thread/INFO]: Debug logging is disabled
[13:43:32] [Server thread/INFO]: Data value allowed items: 
[13:43:32] [Server thread/INFO]: Generating keypair
[13:43:33] [Server thread/INFO]: Starting Minecraft server on localhost:25565
[13:43:34] [Server thread/INFO]: Set PluginClassLoader as parallel capable
[13:43:35] [Server thread/INFO]: [ClearLag] Loading ClearLag v3.2.2
[13:43:35] [Server thread/INFO]: [WorldEdit] Loading WorldEdit v6.1.9;caf0ad9
[13:43:35] [Server thread/INFO]: [Zenchantments] Loading Zenchantments v1.4.0
[13:43:35] [Server thread/INFO]: [Timber] Loading Timber v1.0.9
[13:43:35] [Server thread/INFO]: [WorldSchematics] Loading WorldSchematics v0.2
[13:43:35] [Server thread/INFO]: [Minepacks] Loading Minepacks v2.4.31.4-T20240629215752
[13:43:35] [Server thread/INFO]: [Minepacks] PCGF-PluginLib not installed. Switching to standalone mode!
[13:43:35] [Server thread/INFO]: [Essentials] Loading Essentials v2.19.7
[13:43:35] [Server thread/INFO]: [ProtocolSupport] Loading ProtocolSupport v4.23.dev
[13:43:35] [Server thread/INFO]: [ProtocolSupport] Allocator: PooledByteBufAllocator(directByDefault: true), direct: true
[13:43:35] [Server thread/INFO]: [ProtocolSupport] Compression level: 3
[13:43:35] [Server thread/INFO]: [ProtocolSupport] Assume 1.5.2 ping delay: 100
[13:43:35] [Server thread/INFO]: [ProtocolSupport] Assume legacy ping dealy: 200
[13:43:35] [Server thread/INFO]: [ProtocolSupport] Login threads max count: 8, keep alive time: 60
[13:43:35] [Server thread/WARN]: [ProtocolSupport] Native transport is enabled, this may causes issues. Disable it by setting use-native-transport in server.properties to false.
[13:43:35] [Server thread/INFO]: [ProtocolSupport] Using injected ServerConnection
[13:43:35] [Server thread/INFO]: [VeinMiner] Loading VeinMiner v1.11.3
[13:43:35] [Server thread/INFO]: [SilkSpawners] Loading SilkSpawners v8.0.0
[13:43:35] [Server thread/INFO]: [Enchants] Loading Enchants v1.13.1
[13:43:35] [Server thread/INFO]: [WorldSchematics] Enabling WorldSchematics v0.2
[13:43:35] [Server thread/INFO]: [ProtocolSupport] Enabling ProtocolSupport v4.23.dev
[13:43:35] [Server thread/WARN]: **** SERVER IS RUNNING IN OFFLINE/INSECURE MODE!
[13:43:35] [Server thread/WARN]: The server will make no attempt to authenticate usernames. Beware.
[13:43:35] [Server thread/WARN]: While this makes the game possible to play without internet access, it also opens up the ability for hackers to connect with any username they choose.
[13:43:35] [Server thread/WARN]: To change this, set "online-mode" to "true" in the server.properties file.
[13:43:35] [Server thread/INFO]: **** Beginning UUID conversion, this may take A LONG time ****
[13:43:35] [Server thread/INFO]: Preparing level "world"
[13:43:35] [Server thread/INFO]: -------- World Settings For [world] --------
[13:43:35] [Server thread/INFO]: Chunks to Grow per Tick: 650
[13:43:35] [Server thread/INFO]: Clear tick list: false
[13:43:35] [Server thread/INFO]: Experience Merge Radius: 3.0
[13:43:35] [Server thread/INFO]: Anti X-Ray: true
[13:43:35] [Server thread/INFO]: 	Engine Mode: 1
[13:43:35] [Server thread/INFO]: 	Hidden Blocks: [14, 15, 16, 21, 48, 49, 54, 56, 73, 74, 82, 129, 130]
[13:43:35] [Server thread/INFO]: 	Replace Blocks: [1, 5]
[13:43:35] [Server thread/INFO]: Mob Spawn Range: 4
[13:43:35] [Server thread/INFO]: Entity Tracking Range: Pl 48 / An 48 / Mo 48 / Mi 32 / Other 64
[13:43:35] [Server thread/INFO]: Hopper Transfer: 8 Hopper Check: 8 Hopper Amount: 1
[13:43:35] [Server thread/INFO]: Random Lighting Updates: false
[13:43:35] [Server thread/INFO]: Structure Info Saving: true
[13:43:35] [Server thread/INFO]: Sending up to 10 chunks per packet
[13:43:35] [Server thread/INFO]: Max Entity Collisions: 8
[13:43:35] [Server thread/INFO]: Custom Map Seeds:  Village: 10387312 Feature: 14357617
[13:43:35] [Server thread/INFO]: Max TNT Explosions: 100
[13:43:35] [Server thread/INFO]: Tile Max Tick Time: 50ms Entity max Tick Time: 50ms
[13:43:35] [Server thread/INFO]: Cactus Growth Modifier: 100%
[13:43:35] [Server thread/INFO]: Cane Growth Modifier: 100%
[13:43:35] [Server thread/INFO]: Melon Growth Modifier: 100%
[13:43:35] [Server thread/INFO]: Mushroom Growth Modifier: 100%
[13:43:35] [Server thread/INFO]: Pumpkin Growth Modifier: 100%
[13:43:35] [Server thread/INFO]: Sapling Growth Modifier: 100%
[13:43:35] [Server thread/INFO]: Wheat Growth Modifier: 100%
[13:43:35] [Server thread/INFO]: NetherWart Growth Modifier: 100%
[13:43:35] [Server thread/INFO]: Entity Activation Range: An 32 / Mo 32 / Mi 16
[13:43:35] [Server thread/INFO]: Nerfing mobs spawned from spawners: false
[13:43:35] [Server thread/INFO]: Allow Zombie Pigmen to spawn from portal blocks: true
[13:43:35] [Server thread/INFO]: Item Despawn Rate: 6000
[13:43:35] [Server thread/INFO]: Item Merge Radius: 2.5
[13:43:35] [Server thread/INFO]: Arrow Despawn Rate: 1200
[13:43:35] [Server thread/INFO]: View Distance: 10
[13:43:35] [Server thread/INFO]: Zombie Aggressive Towards Villager: true
[13:43:35] [Server thread/INFO]: -------- World Settings For [world] --------
[13:43:35] [Server thread/INFO]: Keep spawn chunk loaded: true
[13:43:35] [Server thread/INFO]: WorldServer TickNextTick cap set at 10000
[13:43:35] [Server thread/INFO]: WorldServer TickNextTickList cap always processes redstone: false
[13:43:35] [Server thread/INFO]: World async lighting: false
[13:43:35] [Server thread/INFO]: Remove invalid mob spawner tile entities: true
[13:43:35] [Server thread/INFO]: Living Entity Despawn Ranges:  Soft: 32 Hard: 128
[13:43:35] [Server thread/INFO]: Max height for cactus growth 3. Max height for reed growth 3
[13:43:35] [Server thread/INFO]: Squids will spawn between Y: 45.0 and Y: 63.0
[13:43:35] [Server thread/INFO]: Player blocking damage multiplier set to 0.5
[13:43:35] [Server thread/INFO]: Water over lava flow speed: 5
[13:43:35] [Server thread/INFO]: Fix TNT cannons: false
[13:43:35] [Server thread/INFO]: Allow undead horse types to be leashed: false
[13:43:35] [Server thread/INFO]: -------- World Settings For [world_nether] --------
[13:43:35] [Server thread/INFO]: Chunks to Grow per Tick: 650
[13:43:35] [Server thread/INFO]: Clear tick list: false
[13:43:35] [Server thread/INFO]: Experience Merge Radius: 3.0
[13:43:35] [Server thread/INFO]: Anti X-Ray: true
[13:43:35] [Server thread/INFO]: 	Engine Mode: 1
[13:43:35] [Server thread/INFO]: 	Hidden Blocks: [14, 15, 16, 21, 48, 49, 54, 56, 73, 74, 82, 129, 130]
[13:43:35] [Server thread/INFO]: 	Replace Blocks: [1, 5]
[13:43:35] [Server thread/INFO]: Mob Spawn Range: 4
[13:43:35] [Server thread/INFO]: Entity Tracking Range: Pl 48 / An 48 / Mo 48 / Mi 32 / Other 64
[13:43:35] [Server thread/INFO]: Hopper Transfer: 8 Hopper Check: 8 Hopper Amount: 1
[13:43:35] [Server thread/INFO]: Random Lighting Updates: false
[13:43:35] [Server thread/INFO]: Structure Info Saving: true
[13:43:35] [Server thread/INFO]: Sending up to 10 chunks per packet
[13:43:35] [Server thread/INFO]: Max Entity Collisions: 8
[13:43:35] [Server thread/INFO]: Custom Map Seeds:  Village: 10387312 Feature: 14357617
[13:43:35] [Server thread/INFO]: Max TNT Explosions: 100
[13:43:35] [Server thread/INFO]: Tile Max Tick Time: 50ms Entity max Tick Time: 50ms
[13:43:35] [Server thread/INFO]: Cactus Growth Modifier: 100%
[13:43:35] [Server thread/INFO]: Cane Growth Modifier: 100%
[13:43:35] [Server thread/INFO]: Melon Growth Modifier: 100%
[13:43:35] [Server thread/INFO]: Mushroom Growth Modifier: 100%
[13:43:35] [Server thread/INFO]: Pumpkin Growth Modifier: 100%
[13:43:35] [Server thread/INFO]: Sapling Growth Modifier: 100%
[13:43:35] [Server thread/INFO]: Wheat Growth Modifier: 100%
[13:43:35] [Server thread/INFO]: NetherWart Growth Modifier: 100%
[13:43:35] [Server thread/INFO]: Entity Activation Range: An 32 / Mo 32 / Mi 16
[13:43:35] [Server thread/INFO]: Nerfing mobs spawned from spawners: false
[13:43:35] [Server thread/INFO]: Allow Zombie Pigmen to spawn from portal blocks: true
[13:43:35] [Server thread/INFO]: Item Despawn Rate: 6000
[13:43:35] [Server thread/INFO]: Item Merge Radius: 2.5
[13:43:35] [Server thread/INFO]: Arrow Despawn Rate: 1200
[13:43:35] [Server thread/INFO]: View Distance: 10
[13:43:35] [Server thread/INFO]: Zombie Aggressive Towards Villager: true
[13:43:35] [Server thread/INFO]: -------- World Settings For [world_nether] --------
[13:43:35] [Server thread/INFO]: Keep spawn chunk loaded: true
[13:43:35] [Server thread/INFO]: WorldServer TickNextTick cap set at 10000
[13:43:35] [Server thread/INFO]: WorldServer TickNextTickList cap always processes redstone: false
[13:43:35] [Server thread/INFO]: World async lighting: false
[13:43:35] [Server thread/INFO]: Remove invalid mob spawner tile entities: true
[13:43:35] [Server thread/INFO]: Living Entity Despawn Ranges:  Soft: 32 Hard: 128
[13:43:35] [Server thread/INFO]: Max height for cactus growth 3. Max height for reed growth 3
[13:43:35] [Server thread/INFO]: Squids will spawn between Y: 45.0 and Y: 63.0
[13:43:35] [Server thread/INFO]: Player blocking damage multiplier set to 0.5
[13:43:35] [Server thread/INFO]: Water over lava flow speed: 5
[13:43:35] [Server thread/INFO]: Fix TNT cannons: false
[13:43:35] [Server thread/INFO]: Allow undead horse types to be leashed: false
[13:43:35] [Server thread/INFO]: -------- World Settings For [world_the_end] --------
[13:43:35] [Server thread/INFO]: Chunks to Grow per Tick: 650
[13:43:35] [Server thread/INFO]: Clear tick list: false
[13:43:35] [Server thread/INFO]: Experience Merge Radius: 3.0
[13:43:35] [Server thread/INFO]: Anti X-Ray: true
[13:43:35] [Server thread/INFO]: 	Engine Mode: 1
[13:43:35] [Server thread/INFO]: 	Hidden Blocks: [14, 15, 16, 21, 48, 49, 54, 56, 73, 74, 82, 129, 130]
[13:43:35] [Server thread/INFO]: 	Replace Blocks: [1, 5]
[13:43:35] [Server thread/INFO]: Mob Spawn Range: 4
[13:43:35] [Server thread/INFO]: Entity Tracking Range: Pl 48 / An 48 / Mo 48 / Mi 32 / Other 64
[13:43:35] [Server thread/INFO]: Hopper Transfer: 8 Hopper Check: 8 Hopper Amount: 1
[13:43:35] [Server thread/INFO]: Random Lighting Updates: false
[13:43:35] [Server thread/INFO]: Structure Info Saving: true
[13:43:35] [Server thread/INFO]: Sending up to 10 chunks per packet
[13:43:35] [Server thread/INFO]: Max Entity Collisions: 8
[13:43:35] [Server thread/INFO]: Custom Map Seeds:  Village: 10387312 Feature: 14357617
[13:43:35] [Server thread/INFO]: Max TNT Explosions: 100
[13:43:35] [Server thread/INFO]: Tile Max Tick Time: 50ms Entity max Tick Time: 50ms
[13:43:36] [Server thread/INFO]: Cactus Growth Modifier: 100%
[13:43:36] [Server thread/INFO]: Cane Growth Modifier: 100%
[13:43:36] [Server thread/INFO]: Melon Growth Modifier: 100%
[13:43:36] [Server thread/INFO]: Mushroom Growth Modifier: 100%
[13:43:36] [Server thread/INFO]: Pumpkin Growth Modifier: 100%
[13:43:36] [Server thread/INFO]: Sapling Growth Modifier: 100%
[13:43:36] [Server thread/INFO]: Wheat Growth Modifier: 100%
[13:43:36] [Server thread/INFO]: NetherWart Growth Modifier: 100%
[13:43:36] [Server thread/INFO]: Entity Activation Range: An 32 / Mo 32 / Mi 16
[13:43:36] [Server thread/INFO]: Nerfing mobs spawned from spawners: false
[13:43:36] [Server thread/INFO]: Allow Zombie Pigmen to spawn from portal blocks: true
[13:43:36] [Server thread/INFO]: Item Despawn Rate: 6000
[13:43:36] [Server thread/INFO]: Item Merge Radius: 2.5
[13:43:36] [Server thread/INFO]: Arrow Despawn Rate: 1200
[13:43:36] [Server thread/INFO]: View Distance: 10
[13:43:36] [Server thread/INFO]: Zombie Aggressive Towards Villager: true
[13:43:36] [Server thread/INFO]: -------- World Settings For [world_the_end] --------
[13:43:36] [Server thread/INFO]: Keep spawn chunk loaded: true
[13:43:36] [Server thread/INFO]: WorldServer TickNextTick cap set at 10000
[13:43:36] [Server thread/INFO]: WorldServer TickNextTickList cap always processes redstone: false
[13:43:36] [Server thread/INFO]: World async lighting: false
[13:43:36] [Server thread/INFO]: Remove invalid mob spawner tile entities: true
[13:43:36] [Server thread/INFO]: Living Entity Despawn Ranges:  Soft: 32 Hard: 128
[13:43:36] [Server thread/INFO]: Max height for cactus growth 3. Max height for reed growth 3
[13:43:36] [Server thread/INFO]: Squids will spawn between Y: 45.0 and Y: 63.0
[13:43:36] [Server thread/INFO]: Player blocking damage multiplier set to 0.5
[13:43:36] [Server thread/INFO]: Water over lava flow speed: 5
[13:43:36] [Server thread/INFO]: Fix TNT cannons: false
[13:43:36] [Server thread/INFO]: Allow undead horse types to be leashed: false
[13:43:36] [Server thread/INFO]: Preparing start region for level 0 (Seed: -3930827945629396762)
[13:43:37] [Server thread/INFO]: Preparing spawn area: 8%
[13:43:38] [Server thread/INFO]: Preparing spawn area: 43%
[13:43:38] [Server thread/INFO]: Preparing start region for level 1 (Seed: -3930827945629396762)
[13:43:39] [Server thread/INFO]: Preparing spawn area: 66%
[13:43:40] [Server thread/INFO]: Preparing start region for level 2 (Seed: -3930827945629396762)
[13:43:40] [Server thread/INFO]: [ClearLag] Enabling ClearLag v3.2.2
[13:43:40] [Server thread/INFO]: [ClearLag] Using version-adapter: LegacyVersionAdapter
[13:43:40] [Server thread/INFO]: [ClearLag] Loading modules...
[13:43:40] [Server thread/INFO]: [ClearLag] Modules enabed, loading config values
[13:43:40] [Server thread/INFO]: [ClearLag] Modules have been loaded!
[13:43:40] [Server thread/INFO]: [ClearLag] Clearlag is now enabled!
[13:43:40] [Thread-3/INFO]: [ClearLag] Checking for updates compatible with your bukkit version [1.8]...
[13:43:40] [Server thread/INFO]: [WorldEdit] Enabling WorldEdit v6.1.9;caf0ad9
[13:43:42] [Server thread/INFO]: WEPIF: Using the Bukkit Permissions API.
[13:43:42] [Server thread/INFO]: [WorldEdit] Using com.sk89q.worldedit.bukkit.adapter.impl.Spigot_v1_8_R3 as the Bukkit adapter
[13:43:42] [Server thread/INFO]: [Zenchantments] Enabling Zenchantments v1.4.0
[13:43:42] [Thread-3/INFO]: [ClearLag] No updates found!
[13:43:42] [Server thread/INFO]: [Timber] Enabling Timber v1.0.9
[13:43:42] [Server thread/INFO]: Timber Log Materials: [LOG, LOG_2]
[13:43:42] [Server thread/INFO]: Timber Axe Materials: [GOLD_AXE, DIAMOND_AXE, WOOD_AXE, STONE_AXE, IRON_AXE]
[13:43:42] [Server thread/INFO]: [Minepacks] Enabling Minepacks v2.4.31.4-T20240629215752
[13:43:42] [Server thread/INFO]: [Minepacks] Starting Minepacks in standalone mode!
[13:43:43] [Server thread/INFO]: [Minepacks] [32mConfig file successfully loaded.[0m
[13:43:43] [Server thread/INFO]: [Minepacks] [32mLanguage file successfully loaded. Language: english  Author: GeorgH93[0m
[13:43:43] [Server thread/WARN]: SLF4J: No SLF4J providers were found.
[13:43:43] [Server thread/WARN]: SLF4J: Defaulting to no-operation (NOP) logger implementation
[13:43:43] [Server thread/WARN]: SLF4J: See http://www.slf4j.org/codes.html#noProviders for further details.
[13:43:44] [Server thread/INFO]: [Minepacks] [32mItem name language file successfully loaded. Language: english  Author: GeorgH93[0m
[13:43:44] [Server thread/INFO]: [Minepacks] Loading item translations ...
[13:43:44] [Server thread/INFO]: [Minepacks] Finished loading item translations for 634 items.
[13:43:44] [Server thread/INFO]: [Minepacks] [32m Minepacks has been enabled! [33m :) [0m
[13:43:44] [Server thread/INFO]: [Essentials] Enabling Essentials v2.19.7
[13:43:44] [Server thread/INFO]: Attempting to convert old kits in config.yml to new kits.yml
[13:43:44] [Server thread/INFO]: No kits found to migrate.
[13:43:44] [Server thread/WARN]: java.lang.NullPointerException
[13:43:44] [Server thread/WARN]: 	at net.ess3.nms.refl.providers.ReflFormattedCommandAliasProvider.<init>(ReflFormattedCommandAliasProvider.java:39)
[13:43:44] [Server thread/WARN]: 	at com.earth2me.essentials.Essentials.onEnable(Essentials.java:414)
[13:43:44] [Server thread/WARN]: 	at org.bukkit.plugin.java.JavaPlugin.setEnabled(JavaPlugin.java:321)
[13:43:44] [Server thread/WARN]: 	at org.bukkit.plugin.java.JavaPluginLoader.enablePlugin(JavaPluginLoader.java:332)
[13:43:44] [Server thread/WARN]: 	at org.bukkit.plugin.SimplePluginManager.enablePlugin(SimplePluginManager.java:454)
[13:43:44] [Server thread/WARN]: 	at org.bukkit.craftbukkit.v1_8_R3.CraftServer.loadPlugin(CraftServer.java:393)
[13:43:44] [Server thread/WARN]: 	at org.bukkit.craftbukkit.v1_8_R3.CraftServer.enablePlugins(CraftServer.java:352)
[13:43:44] [Server thread/WARN]: 	at net.minecraft.server.v1_8_R3.MinecraftServer.s(MinecraftServer.java:439)
[13:43:44] [Server thread/WARN]: 	at net.minecraft.server.v1_8_R3.MinecraftServer.k(MinecraftServer.java:403)
[13:43:44] [Server thread/WARN]: 	at net.minecraft.server.v1_8_R3.MinecraftServer.a(MinecraftServer.java:358)
[13:43:44] [Server thread/WARN]: 	at net.minecraft.server.v1_8_R3.DedicatedServer.init(DedicatedServer.java:301)
[13:43:44] [Server thread/WARN]: 	at net.minecraft.server.v1_8_R3.MinecraftServer.run(MinecraftServer.java:603)
[13:43:44] [Server thread/WARN]: 	at net.minecraft.server.v1_8_R3.MinecraftServer.lambda$spin$0(MinecraftServer.java:133)
[13:43:44] [Server thread/WARN]: 	at java.lang.Thread.run(Thread.java:750)
[13:43:45] [Server thread/INFO]: Loaded 853 items from items.csv.
[13:43:45] [Server thread/INFO]: Using locale en_US
[13:43:45] [Server thread/INFO]: ServerListPingEvent: Spigot iterator API
[13:43:45] [Server thread/INFO]: Starting Metrics. Opt-out using the global bStats config.
[13:43:45] [Server thread/INFO]: Using superperms-based permissions.
[13:43:45] [Server thread/INFO]: [VeinMiner] Enabling VeinMiner v1.11.3
[13:43:45] [Server thread/INFO]: [VeinMiner] Registering events
[13:43:45] [Server thread/INFO]: [VeinMiner] Registering commands
[13:43:45] [Server thread/INFO]: [VeinMiner] Enabling Plugin Metrics
[13:43:45] [Server thread/INFO]: [VeinMiner] Thank you for enabling Metrics! I greatly appreciate the use of plugin statistics
[13:43:45] [Server thread/INFO]: [VeinMiner] Loading configuration options to local memory
[13:43:45] [Server thread/WARN]: [VeinMiner] Block id BEETROOT_BLOCK not found! Ignoring
[13:43:45] [Server thread/INFO]: [VeinMiner] Unknown world found... "WorldName". Ignoring...
[13:43:45] [Server thread/INFO]: [SilkSpawners] Enabling SilkSpawners v8.0.0
[13:43:45] [Server thread/INFO]: [SilkSpawners] WorldGuard was not found and support is disabled
[13:43:45] [Server thread/INFO]: [SilkSpawners] Loading support for v1_8_R3
[13:43:45] [Server thread/INFO]: [SilkSpawners] AutoUpdater is enabled and now running.
[13:43:45] [Server thread/INFO]: [SilkSpawners] BarAPI is disabled due to config setting.
[13:43:46] [Server thread/INFO]: [Enchants] Enabling Enchants v1.13.1
[13:43:46] [Server thread/INFO]: ==================
[13:43:46] [Server thread/INFO]:  
[13:43:46] [Server thread/INFO]: Enabling Enchants v1.13.1...
[13:43:46] [Server thread/INFO]:  
[13:43:46] [Server thread/INFO]: ==================
[13:43:46] [Server thread/INFO]: Server permissions file permissions.yml is empty, ignoring it
[13:43:46] [Server thread/INFO]: Done (10.881s)! For help, type "help" or "?"
[13:43:46] [Server thread/INFO]: Using epoll channel type
[13:43:46] [Server thread/INFO]: Timings Reset
[13:43:46] [Server thread/INFO]: [SilkSpawners] Result from AutoUpdater is: NO_UPDATE
[13:43:46] [Craft Scheduler Thread - 1/INFO]: Fetching version information...
[13:43:47] [Craft Scheduler Thread - 1/WARN]: There is a new EssentialsX version available for download: 2.20.1.
[13:43:47] [Craft Scheduler Thread - 1/WARN]: Download it here: https://essentialsx.net/downloads.html?branch=stable
[13:58:29] [Server thread/INFO]: [WorldSchematics] Saving Information...
[13:58:29] [Server thread/INFO]: [WorldSchematics] Done Saving!
